<?xml version="1.0" encoding="UTF-8"?>
<testsuite xmlns:xsi="http://www.w3.org/2001/XMLSchema-instance" xsi:noNamespaceSchemaLocation="https://maven.apache.org/surefire/maven-surefire-plugin/xsd/surefire-test-report.xsd" version="3.0.2" name="com.medianet.calculator.integration.CalculatorIntegrationTest" time="9.467" tests="2" errors="0" skipped="0" failures="0">
  <properties>
[...]
</properties>
  <testcase name="testCalculatorService" classname="com.medianet.calculator.integration.CalculatorIntegrationTest" time="0.005">
    <system-out><![CDATA[2025-03-06T07:30:50.104+01:00  INFO 18603 --- [calculator] [           main] t.c.s.AnnotationConfigContextLoaderUtils : Could not detect default configuration classes for test class [com.medianet.calculator.integration.CalculatorIntegrationTest]: CalculatorIntegrationTest does not declare any static, non-private, non-final, nested classes annotated with @Configuration.
2025-03-06T07:30:50.310+01:00  INFO 18603 --- [calculator] [           main] .b.t.c.SpringBootTestContextBootstrapper : Found @SpringBootConfiguration com.medianet.calculator.CalculatorApplication for test class com.medianet.calculator.integration.CalculatorIntegrationTest

  .   ____          _            __ _ _
 /\\ / ___'_ __ _ _(_)_ __  __ _ \ \ \ \
( ( )\___ | '_ | '_| | '_ \/ _` | \ \ \ \
 \\/  ___)| |_)| | | | | || (_| |  ) ) ) )
  '  |____| .__|_| |_|_| |_\__, | / / / /
 =========|_|==============|___/=/_/_/_/

 :: Spring Boot ::                (v3.4.0)

2025-03-06T07:30:50.544+01:00  INFO 18603 --- [calculator] [           main] c.m.c.i.CalculatorIntegrationTest        : Starting CalculatorIntegrationTest using Java 17.0.14 with PID 18603 (started by mousse in /mnt/c/calculator)
2025-03-06T07:30:50.545+01:00  INFO 18603 --- [calculator] [           main] c.m.c.i.CalculatorIntegrationTest        : No active profile set, falling back to 1 default profile: "default"
2025-03-06T07:30:55.827+01:00  INFO 18603 --- [calculator] [           main] o.s.b.w.embedded.tomcat.TomcatWebServer  : Tomcat initialized with port 0 (http)
2025-03-06T07:30:55.895+01:00  INFO 18603 --- [calculator] [           main] o.apache.catalina.core.StandardService   : Starting service [Tomcat]
2025-03-06T07:30:55.895+01:00  INFO 18603 --- [calculator] [           main] o.apache.catalina.core.StandardEngine    : Starting Servlet engine: [Apache Tomcat/10.1.33]
2025-03-06T07:30:56.153+01:00  INFO 18603 --- [calculator] [           main] o.a.c.c.C.[Tomcat].[localhost].[/]       : Initializing Spring embedded WebApplicationContext
2025-03-06T07:30:56.153+01:00  INFO 18603 --- [calculator] [           main] w.s.c.ServletWebServerApplicationContext : Root WebApplicationContext: initialization completed in 5599 ms
2025-03-06T07:30:57.950+01:00  INFO 18603 --- [calculator] [           main] o.s.b.a.e.web.EndpointLinksResolver      : Exposing 15 endpoints beneath base path '/actuator'
2025-03-06T07:30:58.597+01:00  INFO 18603 --- [calculator] [           main] o.s.b.w.embedded.tomcat.TomcatWebServer  : Tomcat started on port 36569 (http) with context path '/'
2025-03-06T07:30:58.605+01:00  INFO 18603 --- [calculator] [           main] c.m.c.i.CalculatorIntegrationTest        : Started CalculatorIntegrationTest in 8.268 seconds (process running for 24.536)
]]></system-out>
  </testcase>
  <testcase name="testCalculatorController" classname="com.medianet.calculator.integration.CalculatorIntegrationTest" time="0.875">
    <system-out><![CDATA[2025-03-06T07:30:59.322+01:00  INFO 18603 --- [calculator] [o-auto-1-exec-1] o.a.c.c.C.[Tomcat].[localhost].[/]       : Initializing Spring DispatcherServlet 'dispatcherServlet'
2025-03-06T07:30:59.322+01:00  INFO 18603 --- [calculator] [o-auto-1-exec-1] o.s.web.servlet.DispatcherServlet        : Initializing Servlet 'dispatcherServlet'
2025-03-06T07:30:59.323+01:00  INFO 18603 --- [calculator] [o-auto-1-exec-1] o.s.web.servlet.DispatcherServlet        : Completed initialization in 1 ms
]]></system-out>
  </testcase>
</testsuite>